<?xml version="1.0" encoding="UTF-8"?>
<!-- Generated by org.testng.reporters.JUnitReportReporter -->
<testsuite hostname="DESKTOP-9S893FQ" failures="0" tests="1" name="cucumber.TestNGTestRunner" time="18.296" errors="0" timestamp="2024-05-24T14:45:49 EDT" skipped="0">
  <testcase classname="cucumber.TestNGTestRunner" name="runScenario" time="18.296"/>
</testsuite> <!-- cucumber.TestNGTestRunner -->
