<?xml version="1.0" encoding="UTF-8"?>
<!-- Generated by org.testng.reporters.JUnitReportReporter -->
<testsuite hostname="DESKTOP-9S893FQ" failures="0" tests="1" name="rahulshettyacademy.tests.ErrorValidations" time="8.545" errors="0" timestamp="2024-05-16T14:53:23 EDT" skipped="0">
  <testcase classname="rahulshettyacademy.tests.ErrorValidations" name="submitOrder" time="8.545"/>
</testsuite> <!-- rahulshettyacademy.tests.ErrorValidations -->
