<?xml version="1.0" encoding="UTF-8"?>
<!-- Generated by org.testng.reporters.JUnitReportReporter -->
<testsuite hostname="DESKTOP-9S893FQ" failures="0" tests="3" name="rahulshettyacademy.tests.SubmitOrderTest" time="46.505" errors="0" timestamp="2024-05-24T10:25:41 EDT" skipped="0">
  <testcase classname="rahulshettyacademy.tests.SubmitOrderTest" name="OrderHistoryTest" time="10.852"/>
  <testcase classname="rahulshettyacademy.tests.SubmitOrderTest" name="submitOrder" time="17.478"/>
  <testcase classname="rahulshettyacademy.tests.SubmitOrderTest" name="submitOrder" time="18.175"/>
</testsuite> <!-- rahulshettyacademy.tests.SubmitOrderTest -->
