<?xml version="1.0" encoding="UTF-8"?>
<!-- Generated by org.testng.reporters.JUnitReportReporter -->
<testsuite hostname="DESKTOP-9S893FQ" failures="0" tests="1" name="cucumber.TestNGTestRunner" time="17.816" errors="0" timestamp="2024-05-24T14:54:13 EDT" skipped="0">
  <testcase classname="cucumber.TestNGTestRunner" name="runScenario" time="17.816"/>
</testsuite> <!-- cucumber.TestNGTestRunner -->
