<?xml version="1.0" encoding="UTF-8"?>
<!-- Generated by org.testng.reporters.JUnitReportReporter -->
<testsuite hostname="DESKTOP-9S893FQ" failures="0" tests="2" name="rahulshettyacademy.tests.ErrorValidationsTest" time="23.187" errors="0" timestamp="2024-05-24T10:25:41 EDT" skipped="0">
  <testcase classname="rahulshettyacademy.tests.ErrorValidationsTest" name="productErrorValidation" time="11.174"/>
  <testcase classname="rahulshettyacademy.tests.ErrorValidationsTest" name="loginErrorValidation" time="12.013"/>
</testsuite> <!-- rahulshettyacademy.tests.ErrorValidationsTest -->
